# JRE version: Java(TM) SE Runtime Environment (8.0_291-b10) (build 1.8.0_291-b10)
# Java VM: Java HotSpot(TM) 64-Bit Server VM (25.291-b10 mixed mode windows-amd64 compressed oops)
Heap:
 PSYoungGen      total 328704K, used 294637K [0x00000000d5580000, 0x00000000f0000000, 0x0000000100000000)
  eden space 289792K, 98% used [0x00000000d5580000,0x00000000e6b11ee0,0x00000000e7080000)
  from space 38912K, 26% used [0x00000000e9500000,0x00000000e9f29918,0x00000000ebb00000)
  to   space 37376K, 0% used [0x00000000e7080000,0x00000000e7080000,0x00000000e9500000)
 ParOldGen       total 139264K, used 101465K [0x0000000080000000, 0x0000000088800000, 0x00000000d5580000)
  object space 139264K, 72% used [0x0000000080000000,0x0000000086316580,0x0000000088800000)
 Metaspace       used 116399K, capacity 121628K, committed 121728K, reserved 1155072K
  class space    used 15132K, capacity 16196K, committed 16256K, reserved 1048576K
GC Heap History (10 events):
Event: 33.983 GC heap before
{Heap before GC invocations=18 (full 3):
 PSYoungGen      total 285696K, used 204051K [0x00000000d5580000, 0x00000000e8980000, 0x0000000100000000)
  eden space 260096K, 70% used [0x00000000d5580000,0x00000000e08ef620,0x00000000e5380000)
  from space 25600K, 79% used [0x00000000e7000000,0x00000000e83d59a0,0x00000000e8900000)
  to   space 27648K, 0% used [0x00000000e5380000,0x00000000e5380000,0x00000000e6e80000)
 ParOldGen       total 91136K, used 55290K [0x0000000080000000, 0x0000000085900000, 0x00000000d5580000)
  object space 91136K, 60% used [0x0000000080000000,0x00000000835fe900,0x0000000085900000)
 Metaspace       used 94136K, capacity 98430K, committed 98560K, reserved 1134592K
  class space    used 12900K, capacity 13745K, committed 13824K, reserved 1048576K
Event: 34.027 GC heap after
Heap after GC invocations=18 (full 3):
 PSYoungGen      total 287744K, used 27616K [0x00000000d5580000, 0x00000000ec080000, 0x0000000100000000)
  eden space 260096K, 0% used [0x00000000d5580000,0x00000000d5580000,0x00000000e5380000)
  from space 27648K, 99% used [0x00000000e5380000,0x00000000e6e780b0,0x00000000e6e80000)
  to   space 32256K, 0% used [0x00000000ea100000,0x00000000ea100000,0x00000000ec080000)
 ParOldGen       total 91136K, used 55921K [0x0000000080000000, 0x0000000085900000, 0x00000000d5580000)
  object space 91136K, 61% used [0x0000000080000000,0x000000008369c518,0x0000000085900000)
 Metaspace       used 94136K, capacity 98430K, committed 98560K, reserved 1134592K
  class space    used 12900K, capacity 13745K, committed 13824K, reserved 1048576K
}
Event: 34.027 GC heap before
{Heap before GC invocations=19 (full 4):
 PSYoungGen      total 287744K, used 27616K [0x00000000d5580000, 0x00000000ec080000, 0x0000000100000000)
  eden space 260096K, 0% used [0x00000000d5580000,0x00000000d5580000,0x00000000e5380000)
  from space 27648K, 99% used [0x00000000e5380000,0x00000000e6e780b0,0x00000000e6e80000)
  to   space 32256K, 0% used [0x00000000ea100000,0x00000000ea100000,0x00000000ec080000)
 ParOldGen       total 91136K, used 55921K [0x0000000080000000, 0x0000000085900000, 0x00000000d5580000)
  object space 91136K, 61% used [0x0000000080000000,0x000000008369c518,0x0000000085900000)
 Metaspace       used 94136K, capacity 98430K, committed 98560K, reserved 1134592K
  class space    used 12900K, capacity 13745K, committed 13824K, reserved 1048576K
Event: 34.249 GC heap after
Heap after GC invocations=19 (full 4):
 PSYoungGen      total 287744K, used 0K [0x00000000d5580000, 0x00000000ec080000, 0x0000000100000000)
  eden space 260096K, 0% used [0x00000000d5580000,0x00000000d5580000,0x00000000e5380000)
  from space 27648K, 0% used [0x00000000e5380000,0x00000000e5380000,0x00000000e6e80000)
  to   space 32256K, 0% used [0x00000000ea100000,0x00000000ea100000,0x00000000ec080000)
 ParOldGen       total 139264K, used 68651K [0x0000000080000000, 0x0000000088800000, 0x00000000d5580000)
  object space 139264K, 49% used [0x0000000080000000,0x000000008430ade0,0x0000000088800000)
 Metaspace       used 93958K, capacity 97910K, committed 98560K, reserved 1134592K
  class space    used 12846K, capacity 13629K, committed 13824K, reserved 1048576K
}
Event: 2200.422 GC heap before
{Heap before GC invocations=20 (full 4):
 PSYoungGen      total 287744K, used 260096K [0x00000000d5580000, 0x00000000ec080000, 0x0000000100000000)
  eden space 260096K, 100% used [0x00000000d5580000,0x00000000e5380000,0x00000000e5380000)
  from space 27648K, 0% used [0x00000000e5380000,0x00000000e5380000,0x00000000e6e80000)
  to   space 32256K, 0% used [0x00000000ea100000,0x00000000ea100000,0x00000000ec080000)
 ParOldGen       total 139264K, used 68651K [0x0000000080000000, 0x0000000088800000, 0x00000000d5580000)
  object space 139264K, 49% used [0x0000000080000000,0x000000008430ade0,0x0000000088800000)
 Metaspace       used 103796K, capacity 108458K, committed 108544K, reserved 1142784K
  class space    used 13874K, capacity 14819K, committed 14848K, reserved 1048576K
Event: 2202.148 GC heap after
Heap after GC invocations=20 (full 4):
 PSYoungGen      total 268288K, used 18221K [0x00000000d5580000, 0x00000000eb300000, 0x0000000100000000)
  eden space 249856K, 0% used [0x00000000d5580000,0x00000000d5580000,0x00000000e4980000)
  from space 18432K, 98% used [0x00000000ea100000,0x00000000eb2cb598,0x00000000eb300000)
  to   space 32256K, 0% used [0x00000000e7400000,0x00000000e7400000,0x00000000e9380000)
 ParOldGen       total 139264K, used 68659K [0x0000000080000000, 0x0000000088800000, 0x00000000d5580000)
  object space 139264K, 49% used [0x0000000080000000,0x000000008430cde0,0x0000000088800000)
 Metaspace       used 103796K, capacity 108458K, committed 108544K, reserved 1142784K
  class space    used 13874K, capacity 14819K, committed 14848K, reserved 1048576K
}
Event: 2222.514 GC heap before
{Heap before GC invocations=21 (full 4):
 PSYoungGen      total 268288K, used 268077K [0x00000000d5580000, 0x00000000eb300000, 0x0000000100000000)
  eden space 249856K, 100% used [0x00000000d5580000,0x00000000e4980000,0x00000000e4980000)
  from space 18432K, 98% used [0x00000000ea100000,0x00000000eb2cb598,0x00000000eb300000)
  to   space 32256K, 0% used [0x00000000e7400000,0x00000000e7400000,0x00000000e9380000)
 ParOldGen       total 139264K, used 68659K [0x0000000080000000, 0x0000000088800000, 0x00000000d5580000)
  object space 139264K, 49% used [0x0000000080000000,0x000000008430cde0,0x0000000088800000)
 Metaspace       used 105938K, capacity 110826K, committed 110976K, reserved 1144832K
  class space    used 14142K, capacity 15141K, committed 15232K, reserved 1048576K
Event: 2223.102 GC heap after
Heap after GC invocations=21 (full 4):
 PSYoungGen      total 320512K, used 32229K [0x00000000d5580000, 0x00000000ebb00000, 0x0000000100000000)
  eden space 288256K, 0% used [0x00000000d5580000,0x00000000d5580000,0x00000000e6f00000)
  from space 32256K, 99% used [0x00000000e7400000,0x00000000e93796e8,0x00000000e9380000)
  to   space 38912K, 0% used [0x00000000e9500000,0x00000000e9500000,0x00000000ebb00000)
 ParOldGen       total 139264K, used 71974K [0x0000000080000000, 0x0000000088800000, 0x00000000d5580000)
  object space 139264K, 51% used [0x0000000080000000,0x0000000084649aa8,0x0000000088800000)
 Metaspace       used 105938K, capacity 110826K, committed 110976K, reserved 1144832K
  class space    used 14142K, capacity 15141K, committed 15232K, reserved 1048576K
}
Event: 2249.937 GC heap before
{Heap before GC invocations=22 (full 4):
 PSYoungGen      total 320512K, used 320485K [0x00000000d5580000, 0x00000000ebb00000, 0x0000000100000000)
  eden space 288256K, 100% used [0x00000000d5580000,0x00000000e6f00000,0x00000000e6f00000)
  from space 32256K, 99% used [0x00000000e7400000,0x00000000e93796e8,0x00000000e9380000)
  to   space 38912K, 0% used [0x00000000e9500000,0x00000000e9500000,0x00000000ebb00000)
 ParOldGen       total 139264K, used 71974K [0x0000000080000000, 0x0000000088800000, 0x00000000d5580000)
  object space 139264K, 51% used [0x0000000080000000,0x0000000084649aa8,0x0000000088800000)
 Metaspace       used 113671K, capacity 118674K, committed 118784K, reserved 1153024K
  class space    used 14875K, capacity 15861K, committed 15872K, reserved 1048576K
Event: 2253.191 GC heap after
Heap after GC invocations=22 (full 4):
 PSYoungGen      total 328704K, used 10406K [0x00000000d5580000, 0x00000000f0000000, 0x0000000100000000)
  eden space 289792K, 0% used [0x00000000d5580000,0x00000000d5580000,0x00000000e7080000)
  from space 38912K, 26% used [0x00000000e9500000,0x00000000e9f29918,0x00000000ebb00000)
  to   space 37376K, 0% used [0x00000000e7080000,0x00000000e7080000,0x00000000e9500000)
 ParOldGen       total 139264K, used 101465K [0x0000000080000000, 0x0000000088800000, 0x00000000d5580000)
  object space 139264K, 72% used [0x0000000080000000,0x0000000086316580,0x0000000088800000)
 Metaspace       used 113671K, capacity 118674K, committed 118784K, reserved 1153024K
  class space    used 14875K, capacity 15861K, committed 15872K, reserved 1048576K
}

